INSTRUMENTATION_STATUS: class=com.blackberry.spl.functionaltest.test.specific.HubTest
INSTRUMENTATION_STATUS: current=1
INSTRUMENTATION_STATUS: id=AndroidJUnitRunner
INSTRUMENTATION_STATUS: numtests=4
INSTRUMENTATION_STATUS: stream=
com.blackberry.spl.functionaltest.test.specific.HubTest:
INSTRUMENTATION_STATUS: test=testSendReceiveWithAttachment
INSTRUMENTATION_STATUS_CODE: 1
INSTRUMENTATION_STATUS: class=com.blackberry.spl.functionaltest.test.specific.HubTest
INSTRUMENTATION_STATUS: current=1
INSTRUMENTATION_STATUS: id=AndroidJUnitRunner
INSTRUMENTATION_STATUS: numtests=4
INSTRUMENTATION_STATUS: stack=com.blackberry.spl.functionaltest.support.VerificationError: Inbox's main page did not open in expected shape
com.android.systemui|android.widget.FrameLayout||
. com.android.systemui:id/backdrop|android.widget.FrameLayout||
.   com.android.systemui|android.widget.FrameLayout||
.     com.android.systemui|android.view.View||
. com.android.systemui:id/captured_blur_container|android.view.View||
. com.android.systemui:id/scrim_behind|android.view.View||
. com.android.systemui:id/light_reveal_scrim|android.view.View||
. com.android.systemui:id/scrim_in_front|android.view.View||
. com.android.systemui:id/notification_panel|android.widget.FrameLayout||
.   com.android.systemui:id/keyguard_long_press|android.view.View||
.   com.android.systemui|android.widget.FrameLayout||
.   com.android.systemui|android.widget.FrameLayout||
.   com.android.systemui:id/notification_container_parent|android.view.ViewGroup||
.     com.android.systemui:id/qs_frame|android.widget.FrameLayout||
.       com.android.systemui:id/quick_settings_container|android.widget.FrameLayout||
.         com.android.systemui:id/expanded_qs_scroll_view|android.widget.ScrollView||
.   com.samsung.android.app.aodservice:id/keyguard_status_view|android.widget.FrameLayout||
.     com.samsung.android.app.aodservice:id/facewidget_clock_container|android.widget.FrameLayout||
.       com.samsung.android.app.aodservice:id/keyguard_facewidget_clip_layout|android.widget.LinearLayout||
.         com.samsung.android.app.aodservice:id/keyguard_clock_container|android.widget.LinearLayout||
.           com.samsung.android.app.aodservice:id/keyguard_clock_page|android.widget.FrameLayout||
.             com.samsung.android.app.aodservice:id/keyguard_clock_holder|android.widget.FrameLayout||
.               com.android.systemui|android.widget.FrameLayout||
.                 com.samsung.android.app.aodservice:id/common_date_time_container|android.widget.LinearLayout||
.                   com.android.systemui|android.widget.FrameLayout||
.                     com.samsung.android.app.aodservice:id/common_time_area|android.widget.LinearLayout||20:22
.                       com.samsung.android.app.aodservice:id/common_hour|android.widget.TextView|20|
.                       com.samsung.android.app.aodservice:id/common_colon|android.widget.TextView|:|
.                       com.samsung.android.app.aodservice:id/common_minute|android.widget.TextView|22|
.                   com.samsung.android.app.aodservice:id/common_date_container|android.widget.LinearLayout||
.                     com.android.systemui|android.widget.LinearLayout||
.                       com.samsung.android.app.aodservice:id/common_date|android.widget.TextView|Sat, August 10|Saturday, August 10
.         com.samsung.android.app.aodservice:id/keyguard_aod_ui_container|android.widget.LinearLayout||
.         com.samsung.android.app.aodservice:id/keyguard_complication_container|android.widget.FrameLayout||
.           com.android.systemui|android.widget.LinearLayout||
.     com.samsung.android.app.aodservice:id/common_notification_widget|android.widget.LinearLayout||
.       com.samsung.android.app.aodservice:id/keyguard_icononly_container_view|android.widget.LinearLayout||4 notifications
.         com.android.systemui|android.widget.ImageView||
.         com.android.systemui|android.widget.ImageView||
.         com.android.systemui|android.widget.ImageView||
.         com.android.systemui|android.widget.TextView|+6|
.   com.android.systemui:id/keyguard_bottom_shortcut_area|android.widget.FrameLayout||
.     com.android.systemui:id/keyguard_bottom_doze_area|android.widget.FrameLayout||
.     com.android.systemui:id/keyguard_upper_fingerprint_indication|android.widget.TextView||
. com.android.systemui:id/keyguard_message_area_container|android.widget.LinearLayout||
	at com.blackberry.spl.functionaltest.support.specific.HubUi.skipIntroOrArriveHomePage(HubUi.java:635)
	at com.blackberry.spl.functionaltest.support.specific.HubUi.goTo(HubUi.java:44)
	at com.blackberry.spl.functionaltest.test.specific.HubTest.setUpClass(HubTest.java:28)
	at com.blackberry.spl.functionaltest.test.TestBase.setUp(TestBase.java:50)
	at com.blackberry.spl.functionaltest.test.SPLTestBase.setUp(SPLTestBase.java:152)
	at java.lang.reflect.Method.invoke(Native Method)
	at org.junit.runners.model.FrameworkMethod$1.runReflectiveCall(FrameworkMethod.java:50)
	at org.junit.internal.runners.model.ReflectiveCallable.run(ReflectiveCallable.java:12)
	at org.junit.runners.model.FrameworkMethod.invokeExplosively(FrameworkMethod.java:47)
	at org.junit.internal.runners.statements.RunBefores.evaluate(RunBefores.java:24)
	at org.junit.internal.runners.statements.RunAfters.evaluate(RunAfters.java:27)
	at org.junit.runners.ParentRunner.runLeaf(ParentRunner.java:325)
	at org.junit.runners.BlockJUnit4ClassRunner.runChild(BlockJUnit4ClassRunner.java:78)
	at com.blackberry.spl.functionaltest.classrunner.AutomationClassRunner.runChild(AutomationClassRunner.java:157)
	at com.blackberry.spl.functionaltest.classrunner.AutomationClassRunner.runChild(AutomationClassRunner.java:23)
	at org.junit.runners.ParentRunner$3.run(ParentRunner.java:290)
	at org.junit.runners.ParentRunner$1.schedule(ParentRunner.java:71)
	at org.junit.runners.ParentRunner.runChildren(ParentRunner.java:288)
	at org.junit.runners.ParentRunner.access$000(ParentRunner.java:58)
	at org.junit.runners.ParentRunner$2.evaluate(ParentRunner.java:268)
	at org.junit.runners.ParentRunner.run(ParentRunner.java:363)
	at org.junit.runners.Suite.runChild(Suite.java:128)
	at org.junit.runners.Suite.runChild(Suite.java:27)
	at org.junit.runners.ParentRunner$3.run(ParentRunner.java:290)
	at org.junit.runners.ParentRunner$1.schedule(ParentRunner.java:71)
	at org.junit.runners.ParentRunner.runChildren(ParentRunner.java:288)
	at org.junit.runners.ParentRunner.access$000(ParentRunner.java:58)
	at org.junit.runners.ParentRunner$2.evaluate(ParentRunner.java:268)
	at org.junit.runners.ParentRunner.run(ParentRunner.java:363)
	at org.junit.runner.JUnitCore.run(JUnitCore.java:137)
	at org.junit.runner.JUnitCore.run(JUnitCore.java:115)
	at android.support.test.internal.runner.TestExecutor.execute(TestExecutor.java:58)
	at android.support.test.runner.AndroidJUnitRunner.onStart(AndroidJUnitRunner.java:375)
	at android.app.Instrumentation$InstrumentationThread.run(Instrumentation.java:2415)

INSTRUMENTATION_STATUS: stream=
Error in testSendReceiveWithAttachment(com.blackberry.spl.functionaltest.test.specific.HubTest):
com.blackberry.spl.functionaltest.support.VerificationError: Inbox's main page did not open in expected shape
com.android.systemui|android.widget.FrameLayout||
. com.android.systemui:id/backdrop|android.widget.FrameLayout||
.   com.android.systemui|android.widget.FrameLayout||
.     com.android.systemui|android.view.View||
. com.android.systemui:id/captured_blur_container|android.view.View||
. com.android.systemui:id/scrim_behind|android.view.View||
. com.android.systemui:id/light_reveal_scrim|android.view.View||
. com.android.systemui:id/scrim_in_front|android.view.View||
. com.android.systemui:id/notification_panel|android.widget.FrameLayout||
.   com.android.systemui:id/keyguard_long_press|android.view.View||
.   com.android.systemui|android.widget.FrameLayout||
.   com.android.systemui|android.widget.FrameLayout||
.   com.android.systemui:id/notification_container_parent|android.view.ViewGroup||
.     com.android.systemui:id/qs_frame|android.widget.FrameLayout||
.       com.android.systemui:id/quick_settings_container|android.widget.FrameLayout||
.         com.android.systemui:id/expanded_qs_scroll_view|android.widget.ScrollView||
.   com.samsung.android.app.aodservice:id/keyguard_status_view|android.widget.FrameLayout||
.     com.samsung.android.app.aodservice:id/facewidget_clock_container|android.widget.FrameLayout||
.       com.samsung.android.app.aodservice:id/keyguard_facewidget_clip_layout|android.widget.LinearLayout||
.         com.samsung.android.app.aodservice:id/keyguard_clock_container|android.widget.LinearLayout||
.           com.samsung.android.app.aodservice:id/keyguard_clock_page|android.widget.FrameLayout||
.             com.samsung.android.app.aodservice:id/keyguard_clock_holder|android.widget.FrameLayout||
.               com.android.systemui|android.widget.FrameLayout||
.                 com.samsung.android.app.aodservice:id/common_date_time_container|android.widget.LinearLayout||
.                   com.android.systemui|android.widget.FrameLayout||
.                     com.samsung.android.app.aodservice:id/common_time_area|android.widget.LinearLayout||20:22
.                       com.samsung.android.app.aodservice:id/common_hour|android.widget.TextView|20|
.                       com.samsung.android.app.aodservice:id/common_colon|android.widget.TextView|:|
.                       com.samsung.android.app.aodservice:id/common_minute|android.widget.TextView|22|
.                   com.samsung.android.app.aodservice:id/common_date_container|android.widget.LinearLayout||
.                     com.android.systemui|android.widget.LinearLayout||
.                       com.samsung.android.app.aodservice:id/common_date|android.widget.TextView|Sat, August 10|Saturday, August 10
.         com.samsung.android.app.aodservice:id/keyguard_aod_ui_container|android.widget.LinearLayout||
.         com.samsung.android.app.aodservice:id/keyguard_complication_container|android.widget.FrameLayout||
.           com.android.systemui|android.widget.LinearLayout||
.     com.samsung.android.app.aodservice:id/common_notification_widget|android.widget.LinearLayout||
.       com.samsung.android.app.aodservice:id/keyguard_icononly_container_view|android.widget.LinearLayout||4 notifications
.         com.android.systemui|android.widget.ImageView||
.         com.android.systemui|android.widget.ImageView||
.         com.android.systemui|android.widget.ImageView||
.         com.android.systemui|android.widget.TextView|+6|
.   com.android.systemui:id/keyguard_bottom_shortcut_area|android.widget.FrameLayout||
.     com.android.systemui:id/keyguard_bottom_doze_area|android.widget.FrameLayout||
.     com.android.systemui:id/keyguard_upper_fingerprint_indication|android.widget.TextView||
. com.android.systemui:id/keyguard_message_area_container|android.widget.LinearLayout||
	at com.blackberry.spl.functionaltest.support.specific.HubUi.skipIntroOrArriveHomePage(HubUi.java:635)
	at com.blackberry.spl.functionaltest.support.specific.HubUi.goTo(HubUi.java:44)
	at com.blackberry.spl.functionaltest.test.specific.HubTest.setUpClass(HubTest.java:28)
	at com.blackberry.spl.functionaltest.test.TestBase.setUp(TestBase.java:50)
	at com.blackberry.spl.functionaltest.test.SPLTestBase.setUp(SPLTestBase.java:152)
	at java.lang.reflect.Method.invoke(Native Method)
	at org.junit.runners.model.FrameworkMethod$1.runReflectiveCall(FrameworkMethod.java:50)
	at org.junit.internal.runners.model.ReflectiveCallable.run(ReflectiveCallable.java:12)
	at org.junit.runners.model.FrameworkMethod.invokeExplosively(FrameworkMethod.java:47)
	at org.junit.internal.runners.statements.RunBefores.evaluate(RunBefores.java:24)
	at org.junit.internal.runners.statements.RunAfters.evaluate(RunAfters.java:27)
	at org.junit.runners.ParentRunner.runLeaf(ParentRunner.java:325)
	at org.junit.runners.BlockJUnit4ClassRunner.runChild(BlockJUnit4ClassRunner.java:78)
	at com.blackberry.spl.functionaltest.classrunner.AutomationClassRunner.runChild(AutomationClassRunner.java:157)
	at com.blackberry.spl.functionaltest.classrunner.AutomationClassRunner.runChild(AutomationClassRunner.java:23)
	at org.junit.runners.ParentRunner$3.run(ParentRunner.java:290)
	at org.junit.runners.ParentRunner$1.schedule(ParentRunner.java:71)
	at org.junit.runners.ParentRunner.runChildren(ParentRunner.java:288)
	at org.junit.runners.ParentRunner.access$000(ParentRunner.java:58)
	at org.junit.runners.ParentRunner$2.evaluate(ParentRunner.java:268)
	at org.junit.runners.ParentRunner.run(ParentRunner.java:363)
	at org.junit.runners.Suite.runChild(Suite.java:128)
	at org.junit.runners.Suite.runChild(Suite.java:27)
	at org.junit.runners.ParentRunner$3.run(ParentRunner.java:290)
	at org.junit.runners.ParentRunner$1.schedule(ParentRunner.java:71)
	at org.junit.runners.ParentRunner.runChildren(ParentRunner.java:288)
	at org.junit.runners.ParentRunner.access$000(ParentRunner.java:58)
	at org.junit.runners.ParentRunner$2.evaluate(ParentRunner.java:268)
	at org.junit.runners.ParentRunner.run(ParentRunner.java:363)
	at org.junit.runner.JUnitCore.run(JUnitCore.java:137)
	at org.junit.runner.JUnitCore.run(JUnitCore.java:115)
	at android.support.test.internal.runner.TestExecutor.execute(TestExecutor.java:58)
	at android.support.test.runner.AndroidJUnitRunner.onStart(AndroidJUnitRunner.java:375)
	at android.app.Instrumentation$InstrumentationThread.run(Instrumentation.java:2415)

INSTRUMENTATION_STATUS: test=testSendReceiveWithAttachment
INSTRUMENTATION_STATUS_CODE: -2
INSTRUMENTATION_STATUS: class=com.blackberry.spl.functionaltest.test.specific.HubTest
INSTRUMENTATION_STATUS: current=2
INSTRUMENTATION_STATUS: id=AndroidJUnitRunner
INSTRUMENTATION_STATUS: numtests=4
INSTRUMENTATION_STATUS: stream=
INSTRUMENTATION_STATUS: test=testSendReceive_duration
INSTRUMENTATION_STATUS_CODE: 1
INSTRUMENTATION_STATUS: class=com.blackberry.spl.functionaltest.test.specific.HubTest
INSTRUMENTATION_STATUS: current=2
INSTRUMENTATION_STATUS: id=AndroidJUnitRunner
INSTRUMENTATION_STATUS: numtests=4
INSTRUMENTATION_STATUS: stack=java.lang.IllegalStateException: Class setup already failed.
	at com.blackberry.spl.functionaltest.test.TestBase.setUp(TestBase.java:56)
	at com.blackberry.spl.functionaltest.test.SPLTestBase.setUp(SPLTestBase.java:152)
	at java.lang.reflect.Method.invoke(Native Method)
	at org.junit.runners.model.FrameworkMethod$1.runReflectiveCall(FrameworkMethod.java:50)
	at org.junit.internal.runners.model.ReflectiveCallable.run(ReflectiveCallable.java:12)
	at org.junit.runners.model.FrameworkMethod.invokeExplosively(FrameworkMethod.java:47)
	at org.junit.internal.runners.statements.RunBefores.evaluate(RunBefores.java:24)
	at org.junit.internal.runners.statements.RunAfters.evaluate(RunAfters.java:27)
	at org.junit.runners.ParentRunner.runLeaf(ParentRunner.java:325)
	at org.junit.runners.BlockJUnit4ClassRunner.runChild(BlockJUnit4ClassRunner.java:78)
	at com.blackberry.spl.functionaltest.classrunner.AutomationClassRunner.runChild(AutomationClassRunner.java:157)
	at com.blackberry.spl.functionaltest.classrunner.AutomationClassRunner.runChild(AutomationClassRunner.java:23)
	at org.junit.runners.ParentRunner$3.run(ParentRunner.java:290)
	at org.junit.runners.ParentRunner$1.schedule(ParentRunner.java:71)
	at org.junit.runners.ParentRunner.runChildren(ParentRunner.java:288)
	at org.junit.runners.ParentRunner.access$000(ParentRunner.java:58)
	at org.junit.runners.ParentRunner$2.evaluate(ParentRunner.java:268)
	at org.junit.runners.ParentRunner.run(ParentRunner.java:363)
	at org.junit.runners.Suite.runChild(Suite.java:128)
	at org.junit.runners.Suite.runChild(Suite.java:27)
	at org.junit.runners.ParentRunner$3.run(ParentRunner.java:290)
	at org.junit.runners.ParentRunner$1.schedule(ParentRunner.java:71)
	at org.junit.runners.ParentRunner.runChildren(ParentRunner.java:288)
	at org.junit.runners.ParentRunner.access$000(ParentRunner.java:58)
	at org.junit.runners.ParentRunner$2.evaluate(ParentRunner.java:268)
	at org.junit.runners.ParentRunner.run(ParentRunner.java:363)
	at org.junit.runner.JUnitCore.run(JUnitCore.java:137)
	at org.junit.runner.JUnitCore.run(JUnitCore.java:115)
	at android.support.test.internal.runner.TestExecutor.execute(TestExecutor.java:58)
	at android.support.test.runner.AndroidJUnitRunner.onStart(AndroidJUnitRunner.java:375)
	at android.app.Instrumentation$InstrumentationThread.run(Instrumentation.java:2415)

INSTRUMENTATION_STATUS: stream=
Error in testSendReceive_duration(com.blackberry.spl.functionaltest.test.specific.HubTest):
java.lang.IllegalStateException: Class setup already failed.
	at com.blackberry.spl.functionaltest.test.TestBase.setUp(TestBase.java:56)
	at com.blackberry.spl.functionaltest.test.SPLTestBase.setUp(SPLTestBase.java:152)
	at java.lang.reflect.Method.invoke(Native Method)
	at org.junit.runners.model.FrameworkMethod$1.runReflectiveCall(FrameworkMethod.java:50)
	at org.junit.internal.runners.model.ReflectiveCallable.run(ReflectiveCallable.java:12)
	at org.junit.runners.model.FrameworkMethod.invokeExplosively(FrameworkMethod.java:47)
	at org.junit.internal.runners.statements.RunBefores.evaluate(RunBefores.java:24)
	at org.junit.internal.runners.statements.RunAfters.evaluate(RunAfters.java:27)
	at org.junit.runners.ParentRunner.runLeaf(ParentRunner.java:325)
	at org.junit.runners.BlockJUnit4ClassRunner.runChild(BlockJUnit4ClassRunner.java:78)
	at com.blackberry.spl.functionaltest.classrunner.AutomationClassRunner.runChild(AutomationClassRunner.java:157)
	at com.blackberry.spl.functionaltest.classrunner.AutomationClassRunner.runChild(AutomationClassRunner.java:23)
	at org.junit.runners.ParentRunner$3.run(ParentRunner.java:290)
	at org.junit.runners.ParentRunner$1.schedule(ParentRunner.java:71)
	at org.junit.runners.ParentRunner.runChildren(ParentRunner.java:288)
	at org.junit.runners.ParentRunner.access$000(ParentRunner.java:58)
	at org.junit.runners.ParentRunner$2.evaluate(ParentRunner.java:268)
	at org.junit.runners.ParentRunner.run(ParentRunner.java:363)
	at org.junit.runners.Suite.runChild(Suite.java:128)
	at org.junit.runners.Suite.runChild(Suite.java:27)
	at org.junit.runners.ParentRunner$3.run(ParentRunner.java:290)
	at org.junit.runners.ParentRunner$1.schedule(ParentRunner.java:71)
	at org.junit.runners.ParentRunner.runChildren(ParentRunner.java:288)
	at org.junit.runners.ParentRunner.access$000(ParentRunner.java:58)
	at org.junit.runners.ParentRunner$2.evaluate(ParentRunner.java:268)
	at org.junit.runners.ParentRunner.run(ParentRunner.java:363)
	at org.junit.runner.JUnitCore.run(JUnitCore.java:137)
	at org.junit.runner.JUnitCore.run(JUnitCore.java:115)
	at android.support.test.internal.runner.TestExecutor.execute(TestExecutor.java:58)
	at android.support.test.runner.AndroidJUnitRunner.onStart(AndroidJUnitRunner.java:375)
	at android.app.Instrumentation$InstrumentationThread.run(Instrumentation.java:2415)

INSTRUMENTATION_STATUS: test=testSendReceive_duration
INSTRUMENTATION_STATUS_CODE: -2
INSTRUMENTATION_STATUS: class=com.blackberry.spl.functionaltest.test.specific.HubTest
INSTRUMENTATION_STATUS: current=3
INSTRUMENTATION_STATUS: id=AndroidJUnitRunner
INSTRUMENTATION_STATUS: numtests=4
INSTRUMENTATION_STATUS: stream=
INSTRUMENTATION_STATUS: test=testSendReceive
INSTRUMENTATION_STATUS_CODE: 1
INSTRUMENTATION_STATUS: class=com.blackberry.spl.functionaltest.test.specific.HubTest
INSTRUMENTATION_STATUS: current=3
INSTRUMENTATION_STATUS: id=AndroidJUnitRunner
INSTRUMENTATION_STATUS: numtests=4
INSTRUMENTATION_STATUS: stack=java.lang.IllegalStateException: Class setup already failed.
	at com.blackberry.spl.functionaltest.test.TestBase.setUp(TestBase.java:56)
	at com.blackberry.spl.functionaltest.test.SPLTestBase.setUp(SPLTestBase.java:152)
	at java.lang.reflect.Method.invoke(Native Method)
	at org.junit.runners.model.FrameworkMethod$1.runReflectiveCall(FrameworkMethod.java:50)
	at org.junit.internal.runners.model.ReflectiveCallable.run(ReflectiveCallable.java:12)
	at org.junit.runners.model.FrameworkMethod.invokeExplosively(FrameworkMethod.java:47)
	at org.junit.internal.runners.statements.RunBefores.evaluate(RunBefores.java:24)
	at org.junit.internal.runners.statements.RunAfters.evaluate(RunAfters.java:27)
	at org.junit.runners.ParentRunner.runLeaf(ParentRunner.java:325)
	at org.junit.runners.BlockJUnit4ClassRunner.runChild(BlockJUnit4ClassRunner.java:78)
	at com.blackberry.spl.functionaltest.classrunner.AutomationClassRunner.runChild(AutomationClassRunner.java:157)
	at com.blackberry.spl.functionaltest.classrunner.AutomationClassRunner.runChild(AutomationClassRunner.java:23)
	at org.junit.runners.ParentRunner$3.run(ParentRunner.java:290)
	at org.junit.runners.ParentRunner$1.schedule(ParentRunner.java:71)
	at org.junit.runners.ParentRunner.runChildren(ParentRunner.java:288)
	at org.junit.runners.ParentRunner.access$000(ParentRunner.java:58)
	at org.junit.runners.ParentRunner$2.evaluate(ParentRunner.java:268)
	at org.junit.runners.ParentRunner.run(ParentRunner.java:363)
	at org.junit.runners.Suite.runChild(Suite.java:128)
	at org.junit.runners.Suite.runChild(Suite.java:27)
	at org.junit.runners.ParentRunner$3.run(ParentRunner.java:290)
	at org.junit.runners.ParentRunner$1.schedule(ParentRunner.java:71)
	at org.junit.runners.ParentRunner.runChildren(ParentRunner.java:288)
	at org.junit.runners.ParentRunner.access$000(ParentRunner.java:58)
	at org.junit.runners.ParentRunner$2.evaluate(ParentRunner.java:268)
	at org.junit.runners.ParentRunner.run(ParentRunner.java:363)
	at org.junit.runner.JUnitCore.run(JUnitCore.java:137)
	at org.junit.runner.JUnitCore.run(JUnitCore.java:115)
	at android.support.test.internal.runner.TestExecutor.execute(TestExecutor.java:58)
	at android.support.test.runner.AndroidJUnitRunner.onStart(AndroidJUnitRunner.java:375)
	at android.app.Instrumentation$InstrumentationThread.run(Instrumentation.java:2415)

INSTRUMENTATION_STATUS: stream=
Error in testSendReceive(com.blackberry.spl.functionaltest.test.specific.HubTest):
java.lang.IllegalStateException: Class setup already failed.
	at com.blackberry.spl.functionaltest.test.TestBase.setUp(TestBase.java:56)
	at com.blackberry.spl.functionaltest.test.SPLTestBase.setUp(SPLTestBase.java:152)
	at java.lang.reflect.Method.invoke(Native Method)
	at org.junit.runners.model.FrameworkMethod$1.runReflectiveCall(FrameworkMethod.java:50)
	at org.junit.internal.runners.model.ReflectiveCallable.run(ReflectiveCallable.java:12)
	at org.junit.runners.model.FrameworkMethod.invokeExplosively(FrameworkMethod.java:47)
	at org.junit.internal.runners.statements.RunBefores.evaluate(RunBefores.java:24)
	at org.junit.internal.runners.statements.RunAfters.evaluate(RunAfters.java:27)
	at org.junit.runners.ParentRunner.runLeaf(ParentRunner.java:325)
	at org.junit.runners.BlockJUnit4ClassRunner.runChild(BlockJUnit4ClassRunner.java:78)
	at com.blackberry.spl.functionaltest.classrunner.AutomationClassRunner.runChild(AutomationClassRunner.java:157)
	at com.blackberry.spl.functionaltest.classrunner.AutomationClassRunner.runChild(AutomationClassRunner.java:23)
	at org.junit.runners.ParentRunner$3.run(ParentRunner.java:290)
	at org.junit.runners.ParentRunner$1.schedule(ParentRunner.java:71)
	at org.junit.runners.ParentRunner.runChildren(ParentRunner.java:288)
	at org.junit.runners.ParentRunner.access$000(ParentRunner.java:58)
	at org.junit.runners.ParentRunner$2.evaluate(ParentRunner.java:268)
	at org.junit.runners.ParentRunner.run(ParentRunner.java:363)
	at org.junit.runners.Suite.runChild(Suite.java:128)
	at org.junit.runners.Suite.runChild(Suite.java:27)
	at org.junit.runners.ParentRunner$3.run(ParentRunner.java:290)
	at org.junit.runners.ParentRunner$1.schedule(ParentRunner.java:71)
	at org.junit.runners.ParentRunner.runChildren(ParentRunner.java:288)
	at org.junit.runners.ParentRunner.access$000(ParentRunner.java:58)
	at org.junit.runners.ParentRunner$2.evaluate(ParentRunner.java:268)
	at org.junit.runners.ParentRunner.run(ParentRunner.java:363)
	at org.junit.runner.JUnitCore.run(JUnitCore.java:137)
	at org.junit.runner.JUnitCore.run(JUnitCore.java:115)
	at android.support.test.internal.runner.TestExecutor.execute(TestExecutor.java:58)
	at android.support.test.runner.AndroidJUnitRunner.onStart(AndroidJUnitRunner.java:375)
	at android.app.Instrumentation$InstrumentationThread.run(Instrumentation.java:2415)

INSTRUMENTATION_STATUS: test=testSendReceive
INSTRUMENTATION_STATUS_CODE: -2
INSTRUMENTATION_STATUS: class=com.blackberry.spl.functionaltest.test.specific.HubTest
INSTRUMENTATION_STATUS: current=4
INSTRUMENTATION_STATUS: id=AndroidJUnitRunner
INSTRUMENTATION_STATUS: numtests=4
INSTRUMENTATION_STATUS: stream=
INSTRUMENTATION_STATUS: test=testCallLogs
INSTRUMENTATION_STATUS_CODE: 1
INSTRUMENTATION_STATUS: class=com.blackberry.spl.functionaltest.test.specific.HubTest
INSTRUMENTATION_STATUS: current=4
INSTRUMENTATION_STATUS: id=AndroidJUnitRunner
INSTRUMENTATION_STATUS: numtests=4
INSTRUMENTATION_STATUS: stack=java.lang.IllegalStateException: Class setup already failed.
	at com.blackberry.spl.functionaltest.test.TestBase.setUp(TestBase.java:56)
	at com.blackberry.spl.functionaltest.test.SPLTestBase.setUp(SPLTestBase.java:152)
	at java.lang.reflect.Method.invoke(Native Method)
	at org.junit.runners.model.FrameworkMethod$1.runReflectiveCall(FrameworkMethod.java:50)
	at org.junit.internal.runners.model.ReflectiveCallable.run(ReflectiveCallable.java:12)
	at org.junit.runners.model.FrameworkMethod.invokeExplosively(FrameworkMethod.java:47)
	at org.junit.internal.runners.statements.RunBefores.evaluate(RunBefores.java:24)
	at org.junit.internal.runners.statements.RunAfters.evaluate(RunAfters.java:27)
	at org.junit.runners.ParentRunner.runLeaf(ParentRunner.java:325)
	at org.junit.runners.BlockJUnit4ClassRunner.runChild(BlockJUnit4ClassRunner.java:78)
	at com.blackberry.spl.functionaltest.classrunner.AutomationClassRunner.runChild(AutomationClassRunner.java:157)
	at com.blackberry.spl.functionaltest.classrunner.AutomationClassRunner.runChild(AutomationClassRunner.java:23)
	at org.junit.runners.ParentRunner$3.run(ParentRunner.java:290)
	at org.junit.runners.ParentRunner$1.schedule(ParentRunner.java:71)
	at org.junit.runners.ParentRunner.runChildren(ParentRunner.java:288)
	at org.junit.runners.ParentRunner.access$000(ParentRunner.java:58)
	at org.junit.runners.ParentRunner$2.evaluate(ParentRunner.java:268)
	at org.junit.runners.ParentRunner.run(ParentRunner.java:363)
	at org.junit.runners.Suite.runChild(Suite.java:128)
	at org.junit.runners.Suite.runChild(Suite.java:27)
	at org.junit.runners.ParentRunner$3.run(ParentRunner.java:290)
	at org.junit.runners.ParentRunner$1.schedule(ParentRunner.java:71)
	at org.junit.runners.ParentRunner.runChildren(ParentRunner.java:288)
	at org.junit.runners.ParentRunner.access$000(ParentRunner.java:58)
	at org.junit.runners.ParentRunner$2.evaluate(ParentRunner.java:268)
	at org.junit.runners.ParentRunner.run(ParentRunner.java:363)
	at org.junit.runner.JUnitCore.run(JUnitCore.java:137)
	at org.junit.runner.JUnitCore.run(JUnitCore.java:115)
	at android.support.test.internal.runner.TestExecutor.execute(TestExecutor.java:58)
	at android.support.test.runner.AndroidJUnitRunner.onStart(AndroidJUnitRunner.java:375)
	at android.app.Instrumentation$InstrumentationThread.run(Instrumentation.java:2415)

INSTRUMENTATION_STATUS: stream=
Error in testCallLogs(com.blackberry.spl.functionaltest.test.specific.HubTest):
java.lang.IllegalStateException: Class setup already failed.
	at com.blackberry.spl.functionaltest.test.TestBase.setUp(TestBase.java:56)
	at com.blackberry.spl.functionaltest.test.SPLTestBase.setUp(SPLTestBase.java:152)
	at java.lang.reflect.Method.invoke(Native Method)
	at org.junit.runners.model.FrameworkMethod$1.runReflectiveCall(FrameworkMethod.java:50)
	at org.junit.internal.runners.model.ReflectiveCallable.run(ReflectiveCallable.java:12)
	at org.junit.runners.model.FrameworkMethod.invokeExplosively(FrameworkMethod.java:47)
	at org.junit.internal.runners.statements.RunBefores.evaluate(RunBefores.java:24)
	at org.junit.internal.runners.statements.RunAfters.evaluate(RunAfters.java:27)
	at org.junit.runners.ParentRunner.runLeaf(ParentRunner.java:325)
	at org.junit.runners.BlockJUnit4ClassRunner.runChild(BlockJUnit4ClassRunner.java:78)
	at com.blackberry.spl.functionaltest.classrunner.AutomationClassRunner.runChild(AutomationClassRunner.java:157)
	at com.blackberry.spl.functionaltest.classrunner.AutomationClassRunner.runChild(AutomationClassRunner.java:23)
	at org.junit.runners.ParentRunner$3.run(ParentRunner.java:290)
	at org.junit.runners.ParentRunner$1.schedule(ParentRunner.java:71)
	at org.junit.runners.ParentRunner.runChildren(ParentRunner.java:288)
	at org.junit.runners.ParentRunner.access$000(ParentRunner.java:58)
	at org.junit.runners.ParentRunner$2.evaluate(ParentRunner.java:268)
	at org.junit.runners.ParentRunner.run(ParentRunner.java:363)
	at org.junit.runners.Suite.runChild(Suite.java:128)
	at org.junit.runners.Suite.runChild(Suite.java:27)
	at org.junit.runners.ParentRunner$3.run(ParentRunner.java:290)
	at org.junit.runners.ParentRunner$1.schedule(ParentRunner.java:71)
	at org.junit.runners.ParentRunner.runChildren(ParentRunner.java:288)
	at org.junit.runners.ParentRunner.access$000(ParentRunner.java:58)
	at org.junit.runners.ParentRunner$2.evaluate(ParentRunner.java:268)
	at org.junit.runners.ParentRunner.run(ParentRunner.java:363)
	at org.junit.runner.JUnitCore.run(JUnitCore.java:137)
	at org.junit.runner.JUnitCore.run(JUnitCore.java:115)
	at android.support.test.internal.runner.TestExecutor.execute(TestExecutor.java:58)
	at android.support.test.runner.AndroidJUnitRunner.onStart(AndroidJUnitRunner.java:375)
	at android.app.Instrumentation$InstrumentationThread.run(Instrumentation.java:2415)

INSTRUMENTATION_STATUS: test=testCallLogs
INSTRUMENTATION_STATUS_CODE: -2
INSTRUMENTATION_RESULT: stream=

Time: 40.492
There were 4 failures:
1) testSendReceiveWithAttachment(com.blackberry.spl.functionaltest.test.specific.HubTest)
com.blackberry.spl.functionaltest.support.VerificationError: Inbox's main page did not open in expected shape
com.android.systemui|android.widget.FrameLayout||
. com.android.systemui:id/backdrop|android.widget.FrameLayout||
.   com.android.systemui|android.widget.FrameLayout||
.     com.android.systemui|android.view.View||
. com.android.systemui:id/captured_blur_container|android.view.View||
. com.android.systemui:id/scrim_behind|android.view.View||
. com.android.systemui:id/light_reveal_scrim|android.view.View||
. com.android.systemui:id/scrim_in_front|android.view.View||
. com.android.systemui:id/notification_panel|android.widget.FrameLayout||
.   com.android.systemui:id/keyguard_long_press|android.view.View||
.   com.android.systemui|android.widget.FrameLayout||
.   com.android.systemui|android.widget.FrameLayout||
.   com.android.systemui:id/notification_container_parent|android.view.ViewGroup||
.     com.android.systemui:id/qs_frame|android.widget.FrameLayout||
.       com.android.systemui:id/quick_settings_container|android.widget.FrameLayout||
.         com.android.systemui:id/expanded_qs_scroll_view|android.widget.ScrollView||
.   com.samsung.android.app.aodservice:id/keyguard_status_view|android.widget.FrameLayout||
.     com.samsung.android.app.aodservice:id/facewidget_clock_container|android.widget.FrameLayout||
.       com.samsung.android.app.aodservice:id/keyguard_facewidget_clip_layout|android.widget.LinearLayout||
.         com.samsung.android.app.aodservice:id/keyguard_clock_container|android.widget.LinearLayout||
.           com.samsung.android.app.aodservice:id/keyguard_clock_page|android.widget.FrameLayout||
.             com.samsung.android.app.aodservice:id/keyguard_clock_holder|android.widget.FrameLayout||
.               com.android.systemui|android.widget.FrameLayout||
.                 com.samsung.android.app.aodservice:id/common_date_time_container|android.widget.LinearLayout||
.                   com.android.systemui|android.widget.FrameLayout||
.                     com.samsung.android.app.aodservice:id/common_time_area|android.widget.LinearLayout||20:22
.                       com.samsung.android.app.aodservice:id/common_hour|android.widget.TextView|20|
.                       com.samsung.android.app.aodservice:id/common_colon|android.widget.TextView|:|
.                       com.samsung.android.app.aodservice:id/common_minute|android.widget.TextView|22|
.                   com.samsung.android.app.aodservice:id/common_date_container|android.widget.LinearLayout||
.                     com.android.systemui|android.widget.LinearLayout||
.                       com.samsung.android.app.aodservice:id/common_date|android.widget.TextView|Sat, August 10|Saturday, August 10
.         com.samsung.android.app.aodservice:id/keyguard_aod_ui_container|android.widget.LinearLayout||
.         com.samsung.android.app.aodservice:id/keyguard_complication_container|android.widget.FrameLayout||
.           com.android.systemui|android.widget.LinearLayout||
.     com.samsung.android.app.aodservice:id/common_notification_widget|android.widget.LinearLayout||
.       com.samsung.android.app.aodservice:id/keyguard_icononly_container_view|android.widget.LinearLayout||4 notifications
.         com.android.systemui|android.widget.ImageView||
.         com.android.systemui|android.widget.ImageView||
.         com.android.systemui|android.widget.ImageView||
.         com.android.systemui|android.widget.TextView|+6|
.   com.android.systemui:id/keyguard_bottom_shortcut_area|android.widget.FrameLayout||
.     com.android.systemui:id/keyguard_bottom_doze_area|android.widget.FrameLayout||
.     com.android.systemui:id/keyguard_upper_fingerprint_indication|android.widget.TextView||
. com.android.systemui:id/keyguard_message_area_container|android.widget.LinearLayout||
	at com.blackberry.spl.functionaltest.support.specific.HubUi.skipIntroOrArriveHomePage(HubUi.java:635)
	at com.blackberry.spl.functionaltest.support.specific.HubUi.goTo(HubUi.java:44)
	at com.blackberry.spl.functionaltest.test.specific.HubTest.setUpClass(HubTest.java:28)
	at com.blackberry.spl.functionaltest.test.TestBase.setUp(TestBase.java:50)
	at com.blackberry.spl.functionaltest.test.SPLTestBase.setUp(SPLTestBase.java:152)
	at java.lang.reflect.Method.invoke(Native Method)
	at org.junit.runners.model.FrameworkMethod$1.runReflectiveCall(FrameworkMethod.java:50)
	at org.junit.internal.runners.model.ReflectiveCallable.run(ReflectiveCallable.java:12)
	at org.junit.runners.model.FrameworkMethod.invokeExplosively(FrameworkMethod.java:47)
	at org.junit.internal.runners.statements.RunBefores.evaluate(RunBefores.java:24)
	at org.junit.internal.runners.statements.RunAfters.evaluate(RunAfters.java:27)
	at org.junit.runners.ParentRunner.runLeaf(ParentRunner.java:325)
	at org.junit.runners.BlockJUnit4ClassRunner.runChild(BlockJUnit4ClassRunner.java:78)
	at com.blackberry.spl.functionaltest.classrunner.AutomationClassRunner.runChild(AutomationClassRunner.java:157)
	at com.blackberry.spl.functionaltest.classrunner.AutomationClassRunner.runChild(AutomationClassRunner.java:23)
	at org.junit.runners.ParentRunner$3.run(ParentRunner.java:290)
	at org.junit.runners.ParentRunner$1.schedule(ParentRunner.java:71)
	at org.junit.runners.ParentRunner.runChildren(ParentRunner.java:288)
	at org.junit.runners.ParentRunner.access$000(ParentRunner.java:58)
	at org.junit.runners.ParentRunner$2.evaluate(ParentRunner.java:268)
	at org.junit.runners.ParentRunner.run(ParentRunner.java:363)
	at org.junit.runners.Suite.runChild(Suite.java:128)
	at org.junit.runners.Suite.runChild(Suite.java:27)
	at org.junit.runners.ParentRunner$3.run(ParentRunner.java:290)
	at org.junit.runners.ParentRunner$1.schedule(ParentRunner.java:71)
	at org.junit.runners.ParentRunner.runChildren(ParentRunner.java:288)
	at org.junit.runners.ParentRunner.access$000(ParentRunner.java:58)
	at org.junit.runners.ParentRunner$2.evaluate(ParentRunner.java:268)
	at org.junit.runners.ParentRunner.run(ParentRunner.java:363)
	at org.junit.runner.JUnitCore.run(JUnitCore.java:137)
	at org.junit.runner.JUnitCore.run(JUnitCore.java:115)
	at android.support.test.internal.runner.TestExecutor.execute(TestExecutor.java:58)
	at android.support.test.runner.AndroidJUnitRunner.onStart(AndroidJUnitRunner.java:375)
	at android.app.Instrumentation$InstrumentationThread.run(Instrumentation.java:2415)
2) testSendReceive_duration(com.blackberry.spl.functionaltest.test.specific.HubTest)
java.lang.IllegalStateException: Class setup already failed.
	at com.blackberry.spl.functionaltest.test.TestBase.setUp(TestBase.java:56)
	at com.blackberry.spl.functionaltest.test.SPLTestBase.setUp(SPLTestBase.java:152)
	at java.lang.reflect.Method.invoke(Native Method)
	at org.junit.runners.model.FrameworkMethod$1.runReflectiveCall(FrameworkMethod.java:50)
	at org.junit.internal.runners.model.ReflectiveCallable.run(ReflectiveCallable.java:12)
	at org.junit.runners.model.FrameworkMethod.invokeExplosively(FrameworkMethod.java:47)
	at org.junit.internal.runners.statements.RunBefores.evaluate(RunBefores.java:24)
	at org.junit.internal.runners.statements.RunAfters.evaluate(RunAfters.java:27)
	at org.junit.runners.ParentRunner.runLeaf(ParentRunner.java:325)
	at org.junit.runners.BlockJUnit4ClassRunner.runChild(BlockJUnit4ClassRunner.java:78)
	at com.blackberry.spl.functionaltest.classrunner.AutomationClassRunner.runChild(AutomationClassRunner.java:157)
	at com.blackberry.spl.functionaltest.classrunner.AutomationClassRunner.runChild(AutomationClassRunner.java:23)
	at org.junit.runners.ParentRunner$3.run(ParentRunner.java:290)
	at org.junit.runners.ParentRunner$1.schedule(ParentRunner.java:71)
	at org.junit.runners.ParentRunner.runChildren(ParentRunner.java:288)
	at org.junit.runners.ParentRunner.access$000(ParentRunner.java:58)
	at org.junit.runners.ParentRunner$2.evaluate(ParentRunner.java:268)
	at org.junit.runners.ParentRunner.run(ParentRunner.java:363)
	at org.junit.runners.Suite.runChild(Suite.java:128)
	at org.junit.runners.Suite.runChild(Suite.java:27)
	at org.junit.runners.ParentRunner$3.run(ParentRunner.java:290)
	at org.junit.runners.ParentRunner$1.schedule(ParentRunner.java:71)
	at org.junit.runners.ParentRunner.runChildren(ParentRunner.java:288)
	at org.junit.runners.ParentRunner.access$000(ParentRunner.java:58)
	at org.junit.runners.ParentRunner$2.evaluate(ParentRunner.java:268)
	at org.junit.runners.ParentRunner.run(ParentRunner.java:363)
	at org.junit.runner.JUnitCore.run(JUnitCore.java:137)
	at org.junit.runner.JUnitCore.run(JUnitCore.java:115)
	at android.support.test.internal.runner.TestExecutor.execute(TestExecutor.java:58)
	at android.support.test.runner.AndroidJUnitRunner.onStart(AndroidJUnitRunner.java:375)
	at android.app.Instrumentation$InstrumentationThread.run(Instrumentation.java:2415)
3) testSendReceive(com.blackberry.spl.functionaltest.test.specific.HubTest)
java.lang.IllegalStateException: Class setup already failed.
	at com.blackberry.spl.functionaltest.test.TestBase.setUp(TestBase.java:56)
	at com.blackberry.spl.functionaltest.test.SPLTestBase.setUp(SPLTestBase.java:152)
	at java.lang.reflect.Method.invoke(Native Method)
	at org.junit.runners.model.FrameworkMethod$1.runReflectiveCall(FrameworkMethod.java:50)
	at org.junit.internal.runners.model.ReflectiveCallable.run(ReflectiveCallable.java:12)
	at org.junit.runners.model.FrameworkMethod.invokeExplosively(FrameworkMethod.java:47)
	at org.junit.internal.runners.statements.RunBefores.evaluate(RunBefores.java:24)
	at org.junit.internal.runners.statements.RunAfters.evaluate(RunAfters.java:27)
	at org.junit.runners.ParentRunner.runLeaf(ParentRunner.java:325)
	at org.junit.runners.BlockJUnit4ClassRunner.runChild(BlockJUnit4ClassRunner.java:78)
	at com.blackberry.spl.functionaltest.classrunner.AutomationClassRunner.runChild(AutomationClassRunner.java:157)
	at com.blackberry.spl.functionaltest.classrunner.AutomationClassRunner.runChild(AutomationClassRunner.java:23)
	at org.junit.runners.ParentRunner$3.run(ParentRunner.java:290)
	at org.junit.runners.ParentRunner$1.schedule(ParentRunner.java:71)
	at org.junit.runners.ParentRunner.runChildren(ParentRunner.java:288)
	at org.junit.runners.ParentRunner.access$000(ParentRunner.java:58)
	at org.junit.runners.ParentRunner$2.evaluate(ParentRunner.java:268)
	at org.junit.runners.ParentRunner.run(ParentRunner.java:363)
	at org.junit.runners.Suite.runChild(Suite.java:128)
	at org.junit.runners.Suite.runChild(Suite.java:27)
	at org.junit.runners.ParentRunner$3.run(ParentRunner.java:290)
	at org.junit.runners.ParentRunner$1.schedule(ParentRunner.java:71)
	at org.junit.runners.ParentRunner.runChildren(ParentRunner.java:288)
	at org.junit.runners.ParentRunner.access$000(ParentRunner.java:58)
	at org.junit.runners.ParentRunner$2.evaluate(ParentRunner.java:268)
	at org.junit.runners.ParentRunner.run(ParentRunner.java:363)
	at org.junit.runner.JUnitCore.run(JUnitCore.java:137)
	at org.junit.runner.JUnitCore.run(JUnitCore.java:115)
	at android.support.test.internal.runner.TestExecutor.execute(TestExecutor.java:58)
	at android.support.test.runner.AndroidJUnitRunner.onStart(AndroidJUnitRunner.java:375)
	at android.app.Instrumentation$InstrumentationThread.run(Instrumentation.java:2415)
4) testCallLogs(com.blackberry.spl.functionaltest.test.specific.HubTest)
java.lang.IllegalStateException: Class setup already failed.
	at com.blackberry.spl.functionaltest.test.TestBase.setUp(TestBase.java:56)
	at com.blackberry.spl.functionaltest.test.SPLTestBase.setUp(SPLTestBase.java:152)
	at java.lang.reflect.Method.invoke(Native Method)
	at org.junit.runners.model.FrameworkMethod$1.runReflectiveCall(FrameworkMethod.java:50)
	at org.junit.internal.runners.model.ReflectiveCallable.run(ReflectiveCallable.java:12)
	at org.junit.runners.model.FrameworkMethod.invokeExplosively(FrameworkMethod.java:47)
	at org.junit.internal.runners.statements.RunBefores.evaluate(RunBefores.java:24)
	at org.junit.internal.runners.statements.RunAfters.evaluate(RunAfters.java:27)
	at org.junit.runners.ParentRunner.runLeaf(ParentRunner.java:325)
	at org.junit.runners.BlockJUnit4ClassRunner.runChild(BlockJUnit4ClassRunner.java:78)
	at com.blackberry.spl.functionaltest.classrunner.AutomationClassRunner.runChild(AutomationClassRunner.java:157)
	at com.blackberry.spl.functionaltest.classrunner.AutomationClassRunner.runChild(AutomationClassRunner.java:23)
	at org.junit.runners.ParentRunner$3.run(ParentRunner.java:290)
	at org.junit.runners.ParentRunner$1.schedule(ParentRunner.java:71)
	at org.junit.runners.ParentRunner.runChildren(ParentRunner.java:288)
	at org.junit.runners.ParentRunner.access$000(ParentRunner.java:58)
	at org.junit.runners.ParentRunner$2.evaluate(ParentRunner.java:268)
	at org.junit.runners.ParentRunner.run(ParentRunner.java:363)
	at org.junit.runners.Suite.runChild(Suite.java:128)
	at org.junit.runners.Suite.runChild(Suite.java:27)
	at org.junit.runners.ParentRunner$3.run(ParentRunner.java:290)
	at org.junit.runners.ParentRunner$1.schedule(ParentRunner.java:71)
	at org.junit.runners.ParentRunner.runChildren(ParentRunner.java:288)
	at org.junit.runners.ParentRunner.access$000(ParentRunner.java:58)
	at org.junit.runners.ParentRunner$2.evaluate(ParentRunner.java:268)
	at org.junit.runners.ParentRunner.run(ParentRunner.java:363)
	at org.junit.runner.JUnitCore.run(JUnitCore.java:137)
	at org.junit.runner.JUnitCore.run(JUnitCore.java:115)
	at android.support.test.internal.runner.TestExecutor.execute(TestExecutor.java:58)
	at android.support.test.runner.AndroidJUnitRunner.onStart(AndroidJUnitRunner.java:375)
	at android.app.Instrumentation$InstrumentationThread.run(Instrumentation.java:2415)

FAILURES!!!
Tests run: 4,  Failures: 4


INSTRUMENTATION_CODE: -1
